<?xml version="1.0" encoding="utf-8"?>
<test-run id="2" testcasecount="12" result="Passed" total="12" passed="12" failed="0" inconclusive="0" skipped="0" asserts="0" engine-version="3.5.0.0" clr-version="4.0.30319.42000" start-time="2026-04-09 16:33:38Z" end-time="2026-04-09 16:33:38Z" duration="0.0451244">
  <test-suite type="TestSuite" id="1000" name="lab-unity-pong" fullname="lab-unity-pong" runstate="Runnable" testcasecount="12" result="Passed" start-time="2026-04-09 16:33:38Z" end-time="2026-04-09 16:33:38Z" duration="0.045124" total="12" passed="12" failed="0" inconclusive="0" skipped="0" asserts="0">
    <properties>
      <property name="platform" value="EditMode" />
    </properties>
    <test-suite type="Assembly" id="1014" name="GameSystems.Tests.Editor.dll" fullname="C:/Users/danie/Documents/lab-unity-pong/Library/ScriptAssemblies/GameSystems.Tests.Editor.dll" runstate="Runnable" testcasecount="12" result="Passed" start-time="2026-04-09 16:33:38Z" end-time="2026-04-09 16:33:38Z" duration="0.037681" total="12" passed="12" failed="0" inconclusive="0" skipped="0" asserts="0">
      <properties>
        <property name="_PID" value="37708" />
        <property name="_APPDOMAIN" value="Unity Child Domain" />
        <property name="platform" value="EditMode" />
        <property name="EditorOnly" value="True" />
      </properties>
      <test-suite type="TestSuite" id="1015" name="GameSystemsCookbook" fullname="GameSystemsCookbook" runstate="Runnable" testcasecount="12" result="Passed" start-time="2026-04-09 16:33:38Z" end-time="2026-04-09 16:33:38Z" duration="0.037200" total="12" passed="12" failed="0" inconclusive="0" skipped="0" asserts="0">
        <properties />
        <test-suite type="TestSuite" id="1016" name="Tests" fullname="GameSystemsCookbook.Tests" runstate="Runnable" testcasecount="12" result="Passed" start-time="2026-04-09 16:33:38Z" end-time="2026-04-09 16:33:38Z" duration="0.036986" total="12" passed="12" failed="0" inconclusive="0" skipped="0" asserts="0">
          <properties />
          <test-suite type="TestFixture" id="1001" name="ScoringAndGameLogicTests" fullname="GameSystemsCookbook.Tests.ScoringAndGameLogicTests" classname="GameSystemsCookbook.Tests.ScoringAndGameLogicTests" runstate="Runnable" testcasecount="12" result="Passed" start-time="2026-04-09 16:33:38Z" end-time="2026-04-09 16:33:38Z" duration="0.036074" total="12" passed="12" failed="0" inconclusive="0" skipped="0" asserts="0">
            <properties />
            <test-case id="1008" name="IntEventChannel_RaiseEvent_PassesCorrectPayload" fullname="GameSystemsCookbook.Tests.ScoringAndGameLogicTests.IntEventChannel_RaiseEvent_PassesCorrectPayload" methodname="IntEventChannel_RaiseEvent_PassesCorrectPayload" classname="GameSystemsCookbook.Tests.ScoringAndGameLogicTests" runstate="Runnable" seed="1185672648" result="Passed" start-time="2026-04-09 16:33:38Z" end-time="2026-04-09 16:33:38Z" duration="0.008938" asserts="0">
              <properties>
                <property name="retryIteration" value="0" />
                <property name="repeatIteration" value="0" />
              </properties>
            </test-case>
            <test-case id="1012" name="ObjectiveSO_CompleteObjective_RaisesCompletedEvent" fullname="GameSystemsCookbook.Tests.ScoringAndGameLogicTests.ObjectiveSO_CompleteObjective_RaisesCompletedEvent" methodname="ObjectiveSO_CompleteObjective_RaisesCompletedEvent" classname="GameSystemsCookbook.Tests.ScoringAndGameLogicTests" runstate="Runnable" seed="1239347534" result="Passed" start-time="2026-04-09 16:33:38Z" end-time="2026-04-09 16:33:38Z" duration="0.003399" asserts="0">
              <properties>
                <property name="retryIteration" value="0" />
                <property name="repeatIteration" value="0" />
              </properties>
              <output><![CDATA[Missing assignment for field: m_Title on ScriptableObject:   (ObjectiveSO)
Missing assignment for field: m_ObjectiveCompleted on ScriptableObject:   (ObjectiveSO)
Missing assignment for field: m_Description on ScriptableObject:   (ObjectiveSO)
]]></output>
            </test-case>
            <test-case id="1013" name="ObjectiveSO_ResetObjective_ClearsCompletedState" fullname="GameSystemsCookbook.Tests.ScoringAndGameLogicTests.ObjectiveSO_ResetObjective_ClearsCompletedState" methodname="ObjectiveSO_ResetObjective_ClearsCompletedState" classname="GameSystemsCookbook.Tests.ScoringAndGameLogicTests" runstate="Runnable" seed="319986809" result="Passed" start-time="2026-04-09 16:33:38Z" end-time="2026-04-09 16:33:38Z" duration="0.001489" asserts="0">
              <properties>
                <property name="retryIteration" value="0" />
                <property name="repeatIteration" value="0" />
              </properties>
              <output><![CDATA[Missing assignment for field: m_Title on ScriptableObject:   (ObjectiveSO)
Missing assignment for field: m_ObjectiveCompleted on ScriptableObject:   (ObjectiveSO)
Missing assignment for field: m_Description on ScriptableObject:   (ObjectiveSO)
]]></output>
            </test-case>
            <test-case id="1002" name="Score_IncrementScore_IncreasesValueByOne" fullname="GameSystemsCookbook.Tests.ScoringAndGameLogicTests.Score_IncrementScore_IncreasesValueByOne" methodname="Score_IncrementScore_IncreasesValueByOne" classname="GameSystemsCookbook.Tests.ScoringAndGameLogicTests" runstate="Runnable" seed="1116762114" result="Passed" start-time="2026-04-09 16:33:38Z" end-time="2026-04-09 16:33:38Z" duration="0.000156" asserts="0">
              <properties>
                <property name="retryIteration" value="0" />
                <property name="repeatIteration" value="0" />
              </properties>
            </test-case>
            <test-case id="1005" name="Score_InitialValue_IsZero" fullname="GameSystemsCookbook.Tests.ScoringAndGameLogicTests.Score_InitialValue_IsZero" methodname="Score_InitialValue_IsZero" classname="GameSystemsCookbook.Tests.ScoringAndGameLogicTests" runstate="Runnable" seed="1401964907" result="Passed" start-time="2026-04-09 16:33:38Z" end-time="2026-04-09 16:33:38Z" duration="0.000081" asserts="0">
              <properties>
                <property name="retryIteration" value="0" />
                <property name="repeatIteration" value="0" />
              </properties>
            </test-case>
            <test-case id="1003" name="Score_MultipleIncrements_AccumulatesCorrectly" fullname="GameSystemsCookbook.Tests.ScoringAndGameLogicTests.Score_MultipleIncrements_AccumulatesCorrectly" methodname="Score_MultipleIncrements_AccumulatesCorrectly" classname="GameSystemsCookbook.Tests.ScoringAndGameLogicTests" runstate="Runnable" seed="1466974388" result="Passed" start-time="2026-04-09 16:33:38Z" end-time="2026-04-09 16:33:38Z" duration="0.000086" asserts="0">
              <properties>
                <property name="retryIteration" value="0" />
                <property name="repeatIteration" value="0" />
              </properties>
            </test-case>
            <test-case id="1004" name="Score_ResetScore_SetsValueToZero" fullname="GameSystemsCookbook.Tests.ScoringAndGameLogicTests.Score_ResetScore_SetsValueToZero" methodname="Score_ResetScore_SetsValueToZero" classname="GameSystemsCookbook.Tests.ScoringAndGameLogicTests" runstate="Runnable" seed="572143212" result="Passed" start-time="2026-04-09 16:33:38Z" end-time="2026-04-09 16:33:38Z" duration="0.000086" asserts="0">
              <properties>
                <property name="retryIteration" value="0" />
                <property name="repeatIteration" value="0" />
              </properties>
            </test-case>
            <test-case id="1011" name="ScoreObjective_PlayerBelowTarget_DoesNotRaiseEvent" fullname="GameSystemsCookbook.Tests.ScoringAndGameLogicTests.ScoreObjective_PlayerBelowTarget_DoesNotRaiseEvent" methodname="ScoreObjective_PlayerBelowTarget_DoesNotRaiseEvent" classname="GameSystemsCookbook.Tests.ScoringAndGameLogicTests" runstate="Runnable" seed="1841065896" result="Passed" start-time="2026-04-09 16:33:38Z" end-time="2026-04-09 16:33:38Z" duration="0.003785" asserts="0">
              <properties>
                <property name="retryIteration" value="0" />
                <property name="repeatIteration" value="0" />
              </properties>
              <output><![CDATA[Missing assignment for field: m_TargetScoreReached on ScriptableObject:   (ScoreObjectiveSO)
Missing assignment for field: m_ScoreManagerUpdated on ScriptableObject:   (ScoreObjectiveSO)
Missing assignment for field: m_Description on ScriptableObject:   (ScoreObjectiveSO)
Missing assignment for field: m_TargetScoreReached on ScriptableObject:   (ScoreObjectiveSO)
Missing assignment for field: m_ScoreManagerUpdated on ScriptableObject:   (ScoreObjectiveSO)
Missing assignment for field: m_Description on ScriptableObject:   (ScoreObjectiveSO)
Missing assignment for field: m_Description on ScriptableObject:   (ScoreObjectiveSO)
]]></output>
            </test-case>
            <test-case id="1010" name="ScoreObjective_PlayerReachesTarget_RaisesTargetScoreReachedEvent" fullname="GameSystemsCookbook.Tests.ScoringAndGameLogicTests.ScoreObjective_PlayerReachesTarget_RaisesTargetScoreReachedEvent" methodname="ScoreObjective_PlayerReachesTarget_RaisesTargetScoreReachedEvent" classname="GameSystemsCookbook.Tests.ScoringAndGameLogicTests" runstate="Runnable" seed="633233516" result="Passed" start-time="2026-04-09 16:33:38Z" end-time="2026-04-09 16:33:38Z" duration="0.003001" asserts="0">
              <properties>
                <property name="retryIteration" value="0" />
                <property name="repeatIteration" value="0" />
              </properties>
              <output><![CDATA[Missing assignment for field: m_TargetScoreReached on ScriptableObject:   (ScoreObjectiveSO)
Missing assignment for field: m_ScoreManagerUpdated on ScriptableObject:   (ScoreObjectiveSO)
Missing assignment for field: m_Description on ScriptableObject:   (ScoreObjectiveSO)
Missing assignment for field: m_TargetScoreReached on ScriptableObject:   (ScoreObjectiveSO)
Missing assignment for field: m_ScoreManagerUpdated on ScriptableObject:   (ScoreObjectiveSO)
Missing assignment for field: m_Description on ScriptableObject:   (ScoreObjectiveSO)
Missing assignment for field: m_Description on ScriptableObject:   (ScoreObjectiveSO)
]]></output>
            </test-case>
            <test-case id="1006" name="VoidEventChannel_RaiseEvent_NotifiesSubscribers" fullname="GameSystemsCookbook.Tests.ScoringAndGameLogicTests.VoidEventChannel_RaiseEvent_NotifiesSubscribers" methodname="VoidEventChannel_RaiseEvent_NotifiesSubscribers" classname="GameSystemsCookbook.Tests.ScoringAndGameLogicTests" runstate="Runnable" seed="1202298789" result="Passed" start-time="2026-04-09 16:33:38Z" end-time="2026-04-09 16:33:38Z" duration="0.000265" asserts="0">
              <properties>
                <property name="retryIteration" value="0" />
                <property name="repeatIteration" value="0" />
              </properties>
            </test-case>
            <test-case id="1007" name="VoidEventChannel_RaiseEvent_WithNoSubscribers_DoesNotThrow" fullname="GameSystemsCookbook.Tests.ScoringAndGameLogicTests.VoidEventChannel_RaiseEvent_WithNoSubscribers_DoesNotThrow" methodname="VoidEventChannel_RaiseEvent_WithNoSubscribers_DoesNotThrow" classname="GameSystemsCookbook.Tests.ScoringAndGameLogicTests" runstate="Runnable" seed="445681233" result="Passed" start-time="2026-04-09 16:33:38Z" end-time="2026-04-09 16:33:38Z" duration="0.000684" asserts="0">
              <properties>
                <property name="retryIteration" value="0" />
                <property name="repeatIteration" value="0" />
              </properties>
            </test-case>
            <test-case id="1009" name="VoidEventChannel_Unsubscribe_StopsReceivingEvents" fullname="GameSystemsCookbook.Tests.ScoringAndGameLogicTests.VoidEventChannel_Unsubscribe_StopsReceivingEvents" methodname="VoidEventChannel_Unsubscribe_StopsReceivingEvents" classname="GameSystemsCookbook.Tests.ScoringAndGameLogicTests" runstate="Runnable" seed="1567044525" result="Passed" start-time="2026-04-09 16:33:38Z" end-time="2026-04-09 16:33:38Z" duration="0.000265" asserts="0">
              <properties>
                <property name="retryIteration" value="0" />
                <property name="repeatIteration" value="0" />
              </properties>
              <output><![CDATA[<b><color=#2EA3FF>MCP-FOR-UNITY</color></b>: [TestRunnerNoThrottle] Restored Interaction Mode after test run.
Saving results to: C:/Users/danie/AppData/LocalLow/DefaultCompany/lab-unity-pong\TestResults.xml
]]></output>
            </test-case>
          </test-suite>
        </test-suite>
      </test-suite>
    </test-suite>
  </test-suite>
</test-run>